{"C:\\Users\\Admin\\OneDrive\\Documents\\KTHP-LTW\\BE_THLTW\\__tests__\\helpers\\mockDb.js": {"path":"C:\\Users\\Admin\\OneDrive\\Documents\\KTHP-LTW\\BE_THLTW\\__tests__\\helpers\\mockDb.js","statementMap":{"0":{"start":{"line":1,"column":19},"end":{"line":4,"column":1}},"1":{"start":{"line":6,"column":17},"end":{"line":9,"column":1}},"2":{"start":{"line":11,"column":0},"end":{"line":16,"column":3}},"3":{"start":{"line":12,"column":2},"end":{"line":12,"column":23}},"4":{"start":{"line":14,"column":2},"end":{"line":14,"column":51}},"5":{"start":{"line":15,"column":2},"end":{"line":15,"column":49}},"6":{"start":{"line":18,"column":0},"end":{"line":18,"column":49}},"7":{"start":{"line":18,"column":39},"end":{"line":18,"column":47}},"8":{"start":{"line":20,"column":0},"end":{"line":20,"column":42}}},"fnMap":{"0":{"name":"(anonymous_0)","decl":{"start":{"line":11,"column":11},"end":{"line":11,"column":12}},"loc":{"start":{"line":11,"column":17},"end":{"line":16,"column":1}},"line":11},"1":{"name":"(anonymous_1)","decl":{"start":{"line":18,"column":33},"end":{"line":18,"column":34}},"loc":{"start":{"line":18,"column":39},"end":{"line":18,"column":47}},"line":18}},"branchMap":{},"s":{"0":3,"1":3,"2":3,"3":12,"4":12,"5":12,"6":3,"7":3,"8":3},"f":{"0":12,"1":3},"b":{},"_coverageSchema":"1a1c01bbd47fc00a2c39e90264f33305004495a9","hash":"2fb5918f26bdd313c16d3c9535a1be7fa2504612"}
,"C:\\Users\\Admin\\OneDrive\\Documents\\KTHP-LTW\\BE_THLTW\\__tests__\\helpers\\mockSocket.js": {"path":"C:\\Users\\Admin\\OneDrive\\Documents\\KTHP-LTW\\BE_THLTW\\__tests__\\helpers\\mockSocket.js","statementMap":{"0":{"start":{"line":1,"column":17},"end":{"line":1,"column":26}},"1":{"start":{"line":2,"column":15},"end":{"line":2,"column":60}},"2":{"start":{"line":3,"column":15},"end":{"line":3,"column":72}},"3":{"start":{"line":5,"column":0},"end":{"line":7,"column":4}},"4":{"start":{"line":5,"column":41},"end":{"line":7,"column":1}},"5":{"start":{"line":6,"column":16},"end":{"line":6,"column":30}},"6":{"start":{"line":9,"column":0},"end":{"line":9,"column":46}}},"fnMap":{"0":{"name":"(anonymous_0)","decl":{"start":{"line":5,"column":34},"end":{"line":5,"column":35}},"loc":{"start":{"line":5,"column":41},"end":{"line":7,"column":1}},"line":5},"1":{"name":"(anonymous_1)","decl":{"start":{"line":6,"column":9},"end":{"line":6,"column":10}},"loc":{"start":{"line":6,"column":16},"end":{"line":6,"column":30}},"line":6}},"branchMap":{},"s":{"0":2,"1":2,"2":2,"3":2,"4":2,"5":3,"6":2},"f":{"0":2,"1":3},"b":{},"_coverageSchema":"1a1c01bbd47fc00a2c39e90264f33305004495a9","hash":"83ca41d45662cf6738358602e2d3cef498da05d8"}
,"C:\\Users\\Admin\\OneDrive\\Documents\\KTHP-LTW\\BE_THLTW\\src\\services\\auth.service.js": {"path":"C:\\Users\\Admin\\OneDrive\\Documents\\KTHP-LTW\\BE_THLTW\\src\\services\\auth.service.js","statementMap":{"0":{"start":{"line":1,"column":13},"end":{"line":1,"column":36}},"1":{"start":{"line":2,"column":15},"end":{"line":2,"column":32}},"2":{"start":{"line":3,"column":15},"end":{"line":3,"column":32}},"3":{"start":{"line":4,"column":27},"end":{"line":4,"column":55}},"4":{"start":{"line":7,"column":17},"end":{"line":7,"column":37}},"5":{"start":{"line":8,"column":2},"end":{"line":56,"column":3}},"6":{"start":{"line":9,"column":4},"end":{"line":9,"column":32}},"7":{"start":{"line":12,"column":21},"end":{"line":12,"column":109}},"8":{"start":{"line":13,"column":4},"end":{"line":15,"column":5}},"9":{"start":{"line":14,"column":6},"end":{"line":14,"column":80}},"10":{"start":{"line":17,"column":17},"end":{"line":17,"column":24}},"11":{"start":{"line":20,"column":20},"end":{"line":20,"column":70}},"12":{"start":{"line":21,"column":4},"end":{"line":23,"column":5}},"13":{"start":{"line":22,"column":6},"end":{"line":22,"column":80}},"14":{"start":{"line":26,"column":20},"end":{"line":26,"column":52}},"15":{"start":{"line":27,"column":42},"end":{"line":27,"column":65}},"16":{"start":{"line":30,"column":22},"end":{"line":30,"column":84}},"17":{"start":{"line":32,"column":22},"end":{"line":32,"column":32}},"18":{"start":{"line":33,"column":4},"end":{"line":33,"column":47}},"19":{"start":{"line":35,"column":4},"end":{"line":38,"column":6}},"20":{"start":{"line":40,"column":4},"end":{"line":40,"column":33}},"21":{"start":{"line":42,"column":4},"end":{"line":50,"column":6}},"22":{"start":{"line":52,"column":4},"end":{"line":52,"column":35}},"23":{"start":{"line":53,"column":4},"end":{"line":53,"column":14}},"24":{"start":{"line":55,"column":4},"end":{"line":55,"column":21}},"25":{"start":{"line":60,"column":17},"end":{"line":60,"column":37}},"26":{"start":{"line":61,"column":2},"end":{"line":97,"column":3}},"27":{"start":{"line":62,"column":4},"end":{"line":62,"column":32}},"28":{"start":{"line":65,"column":22},"end":{"line":65,"column":84}},"29":{"start":{"line":67,"column":21},"end":{"line":70,"column":5}},"30":{"start":{"line":72,"column":4},"end":{"line":74,"column":5}},"31":{"start":{"line":73,"column":6},"end":{"line":73,"column":87}},"32":{"start":{"line":76,"column":24},"end":{"line":76,"column":31}},"33":{"start":{"line":78,"column":21},"end":{"line":78,"column":108}},"34":{"start":{"line":79,"column":4},"end":{"line":81,"column":5}},"35":{"start":{"line":80,"column":6},"end":{"line":80,"column":84}},"36":{"start":{"line":83,"column":17},"end":{"line":83,"column":33}},"37":{"start":{"line":84,"column":20},"end":{"line":84,"column":52}},"38":{"start":{"line":87,"column":19},"end":{"line":87,"column":42}},"39":{"start":{"line":89,"column":4},"end":{"line":89,"column":33}},"40":{"start":{"line":91,"column":4},"end":{"line":91,"column":47}},"41":{"start":{"line":93,"column":4},"end":{"line":93,"column":35}},"42":{"start":{"line":94,"column":4},"end":{"line":94,"column":14}},"43":{"start":{"line":96,"column":4},"end":{"line":96,"column":21}},"44":{"start":{"line":101,"column":17},"end":{"line":101,"column":37}},"45":{"start":{"line":102,"column":2},"end":{"line":115,"column":3}},"46":{"start":{"line":103,"column":4},"end":{"line":103,"column":32}},"47":{"start":{"line":104,"column":4},"end":{"line":107,"column":6}},"48":{"start":{"line":108,"column":4},"end":{"line":108,"column":33}},"49":{"start":{"line":109,"column":4},"end":{"line":109,"column":29}},"50":{"start":{"line":111,"column":4},"end":{"line":111,"column":35}},"51":{"start":{"line":112,"column":4},"end":{"line":112,"column":14}},"52":{"start":{"line":114,"column":4},"end":{"line":114,"column":21}},"53":{"start":{"line":118,"column":0},"end":{"line":122,"column":2}}},"fnMap":{"0":{"name":"login","decl":{"start":{"line":6,"column":15},"end":{"line":6,"column":20}},"loc":{"start":{"line":6,"column":42},"end":{"line":57,"column":1}},"line":6},"1":{"name":"refresh","decl":{"start":{"line":59,"column":15},"end":{"line":59,"column":22}},"loc":{"start":{"line":59,"column":41},"end":{"line":98,"column":1}},"line":59},"2":{"name":"logout","decl":{"start":{"line":100,"column":15},"end":{"line":100,"column":21}},"loc":{"start":{"line":100,"column":30},"end":{"line":116,"column":1}},"line":100}},"branchMap":{"0":{"loc":{"start":{"line":13,"column":4},"end":{"line":15,"column":5}},"type":"if","locations":[{"start":{"line":13,"column":4},"end":{"line":15,"column":5}},{"start":{},"end":{}}],"line":13},"1":{"loc":{"start":{"line":21,"column":4},"end":{"line":23,"column":5}},"type":"if","locations":[{"start":{"line":21,"column":4},"end":{"line":23,"column":5}},{"start":{},"end":{}}],"line":21},"2":{"loc":{"start":{"line":72,"column":4},"end":{"line":74,"column":5}},"type":"if","locations":[{"start":{"line":72,"column":4},"end":{"line":74,"column":5}},{"start":{},"end":{}}],"line":72},"3":{"loc":{"start":{"line":79,"column":4},"end":{"line":81,"column":5}},"type":"if","locations":[{"start":{"line":79,"column":4},"end":{"line":81,"column":5}},{"start":{},"end":{}}],"line":79}},"s":{"0":1,"1":1,"2":1,"3":1,"4":3,"5":3,"6":3,"7":3,"8":3,"9":1,"10":2,"11":2,"12":2,"13":1,"14":1,"15":1,"16":1,"17":1,"18":1,"19":1,"20":1,"21":1,"22":2,"23":2,"24":3,"25":2,"26":2,"27":2,"28":2,"29":2,"30":2,"31":1,"32":1,"33":1,"34":1,"35":0,"36":1,"37":1,"38":1,"39":1,"40":1,"41":1,"42":1,"43":2,"44":0,"45":0,"46":0,"47":0,"48":0,"49":0,"50":0,"51":0,"52":0,"53":1},"f":{"0":3,"1":2,"2":0},"b":{"0":[1,2],"1":[1,1],"2":[1,1],"3":[0,1]},"_coverageSchema":"1a1c01bbd47fc00a2c39e90264f33305004495a9","hash":"f1c858df5133099cce22addcf4a78b1706e1a108"}
,"C:\\Users\\Admin\\OneDrive\\Documents\\KTHP-LTW\\BE_THLTW\\src\\services\\kds.service.js": {"path":"C:\\Users\\Admin\\OneDrive\\Documents\\KTHP-LTW\\BE_THLTW\\src\\services\\kds.service.js","statementMap":{"0":{"start":{"line":1,"column":13},"end":{"line":1,"column":36}},"1":{"start":{"line":4,"column":16},"end":{"line":28,"column":3}},"2":{"start":{"line":30,"column":19},"end":{"line":30,"column":53}},"3":{"start":{"line":31,"column":2},"end":{"line":31,"column":14}},"4":{"start":{"line":35,"column":17},"end":{"line":35,"column":37}},"5":{"start":{"line":36,"column":2},"end":{"line":106,"column":3}},"6":{"start":{"line":37,"column":4},"end":{"line":37,"column":32}},"7":{"start":{"line":40,"column":26},"end":{"line":43,"column":5}},"8":{"start":{"line":45,"column":4},"end":{"line":47,"column":5}},"9":{"start":{"line":46,"column":6},"end":{"line":46,"column":69}},"10":{"start":{"line":49,"column":25},"end":{"line":49,"column":46}},"11":{"start":{"line":52,"column":34},"end":{"line":55,"column":5}},"12":{"start":{"line":58,"column":25},"end":{"line":58,"column":29}},"13":{"start":{"line":59,"column":21},"end":{"line":59,"column":90}},"14":{"start":{"line":59,"column":44},"end":{"line":59,"column":89}},"15":{"start":{"line":60,"column":22},"end":{"line":60,"column":67}},"16":{"start":{"line":60,"column":45},"end":{"line":60,"column":66}},"17":{"start":{"line":61,"column":25},"end":{"line":61,"column":96}},"18":{"start":{"line":61,"column":47},"end":{"line":61,"column":95}},"19":{"start":{"line":63,"column":4},"end":{"line":69,"column":5}},"20":{"start":{"line":64,"column":6},"end":{"line":64,"column":32}},"21":{"start":{"line":65,"column":11},"end":{"line":69,"column":5}},"22":{"start":{"line":66,"column":6},"end":{"line":66,"column":31}},"23":{"start":{"line":67,"column":11},"end":{"line":69,"column":5}},"24":{"start":{"line":68,"column":6},"end":{"line":68,"column":35}},"25":{"start":{"line":72,"column":21},"end":{"line":72,"column":106}},"26":{"start":{"line":73,"column":27},"end":{"line":73,"column":50}},"27":{"start":{"line":74,"column":23},"end":{"line":74,"column":50}},"28":{"start":{"line":77,"column":4},"end":{"line":85,"column":5}},"29":{"start":{"line":78,"column":6},"end":{"line":78,"column":100}},"30":{"start":{"line":80,"column":6},"end":{"line":84,"column":8}},"31":{"start":{"line":87,"column":4},"end":{"line":87,"column":33}},"32":{"start":{"line":90,"column":4},"end":{"line":98,"column":5}},"33":{"start":{"line":91,"column":24},"end":{"line":91,"column":48}},"34":{"start":{"line":92,"column":17},"end":{"line":92,"column":24}},"35":{"start":{"line":93,"column":6},"end":{"line":97,"column":9}},"36":{"start":{"line":100,"column":4},"end":{"line":100,"column":72}},"37":{"start":{"line":102,"column":4},"end":{"line":102,"column":35}},"38":{"start":{"line":103,"column":4},"end":{"line":103,"column":14}},"39":{"start":{"line":105,"column":4},"end":{"line":105,"column":21}},"40":{"start":{"line":109,"column":0},"end":{"line":112,"column":2}}},"fnMap":{"0":{"name":"getOrdersByStation","decl":{"start":{"line":3,"column":15},"end":{"line":3,"column":33}},"loc":{"start":{"line":3,"column":43},"end":{"line":32,"column":1}},"line":3},"1":{"name":"updateOrderItemStatus","decl":{"start":{"line":34,"column":15},"end":{"line":34,"column":36}},"loc":{"start":{"line":34,"column":73},"end":{"line":107,"column":1}},"line":34},"2":{"name":"(anonymous_2)","decl":{"start":{"line":59,"column":39},"end":{"line":59,"column":40}},"loc":{"start":{"line":59,"column":44},"end":{"line":59,"column":89}},"line":59},"3":{"name":"(anonymous_3)","decl":{"start":{"line":60,"column":40},"end":{"line":60,"column":41}},"loc":{"start":{"line":60,"column":45},"end":{"line":60,"column":66}},"line":60},"4":{"name":"(anonymous_4)","decl":{"start":{"line":61,"column":42},"end":{"line":61,"column":43}},"loc":{"start":{"line":61,"column":47},"end":{"line":61,"column":95}},"line":61}},"branchMap":{"0":{"loc":{"start":{"line":45,"column":4},"end":{"line":47,"column":5}},"type":"if","locations":[{"start":{"line":45,"column":4},"end":{"line":47,"column":5}},{"start":{},"end":{}}],"line":45},"1":{"loc":{"start":{"line":59,"column":44},"end":{"line":59,"column":89}},"type":"binary-expr","locations":[{"start":{"line":59,"column":44},"end":{"line":59,"column":64}},{"start":{"line":59,"column":68},"end":{"line":59,"column":89}}],"line":59},"2":{"loc":{"start":{"line":61,"column":47},"end":{"line":61,"column":95}},"type":"binary-expr","locations":[{"start":{"line":61,"column":47},"end":{"line":61,"column":71}},{"start":{"line":61,"column":75},"end":{"line":61,"column":95}}],"line":61},"3":{"loc":{"start":{"line":63,"column":4},"end":{"line":69,"column":5}},"type":"if","locations":[{"start":{"line":63,"column":4},"end":{"line":69,"column":5}},{"start":{"line":65,"column":11},"end":{"line":69,"column":5}}],"line":63},"4":{"loc":{"start":{"line":65,"column":11},"end":{"line":69,"column":5}},"type":"if","locations":[{"start":{"line":65,"column":11},"end":{"line":69,"column":5}},{"start":{"line":67,"column":11},"end":{"line":69,"column":5}}],"line":65},"5":{"loc":{"start":{"line":67,"column":11},"end":{"line":69,"column":5}},"type":"if","locations":[{"start":{"line":67,"column":11},"end":{"line":69,"column":5}},{"start":{},"end":{}}],"line":67},"6":{"loc":{"start":{"line":77,"column":4},"end":{"line":85,"column":5}},"type":"if","locations":[{"start":{"line":77,"column":4},"end":{"line":85,"column":5}},{"start":{},"end":{}}],"line":77},"7":{"loc":{"start":{"line":77,"column":8},"end":{"line":77,"column":59}},"type":"binary-expr","locations":[{"start":{"line":77,"column":8},"end":{"line":77,"column":22}},{"start":{"line":77,"column":26},"end":{"line":77,"column":59}}],"line":77},"8":{"loc":{"start":{"line":90,"column":4},"end":{"line":98,"column":5}},"type":"if","locations":[{"start":{"line":90,"column":4},"end":{"line":98,"column":5}},{"start":{},"end":{}}],"line":90},"9":{"loc":{"start":{"line":90,"column":8},"end":{"line":90,"column":59}},"type":"binary-expr","locations":[{"start":{"line":90,"column":8},"end":{"line":90,"column":22}},{"start":{"line":90,"column":26},"end":{"line":90,"column":59}}],"line":90},"10":{"loc":{"start":{"line":100,"column":37},"end":{"line":100,"column":69}},"type":"binary-expr","locations":[{"start":{"line":100,"column":37},"end":{"line":100,"column":51}},{"start":{"line":100,"column":55},"end":{"line":100,"column":69}}],"line":100}},"s":{"0":1,"1":0,"2":0,"3":0,"4":3,"5":3,"6":3,"7":3,"8":3,"9":0,"10":3,"11":3,"12":3,"13":3,"14":5,"15":3,"16":3,"17":3,"18":3,"19":3,"20":0,"21":3,"22":2,"23":1,"24":1,"25":3,"26":3,"27":3,"28":3,"29":2,"30":2,"31":3,"32":3,"33":2,"34":2,"35":2,"36":3,"37":0,"38":0,"39":3,"40":1},"f":{"0":0,"1":3,"2":5,"3":3,"4":3},"b":{"0":[0,3],"1":[5,1],"2":[3,3],"3":[0,3],"4":[2,1],"5":[1,0],"6":[2,1],"7":[3,3],"8":[2,1],"9":[3,3],"10":[3,0]},"_coverageSchema":"1a1c01bbd47fc00a2c39e90264f33305004495a9","hash":"66efa003546d3c471e8ffa3ffdfd30ac3cd34da7"}
,"C:\\Users\\Admin\\OneDrive\\Documents\\KTHP-LTW\\BE_THLTW\\src\\services\\order.service.js": {"path":"C:\\Users\\Admin\\OneDrive\\Documents\\KTHP-LTW\\BE_THLTW\\src\\services\\order.service.js","statementMap":{"0":{"start":{"line":1,"column":13},"end":{"line":1,"column":36}},"1":{"start":{"line":2,"column":33},"end":{"line":2,"column":61}},"2":{"start":{"line":5,"column":17},"end":{"line":5,"column":37}},"3":{"start":{"line":6,"column":2},"end":{"line":146,"column":3}},"4":{"start":{"line":7,"column":4},"end":{"line":7,"column":32}},"5":{"start":{"line":10,"column":23},"end":{"line":13,"column":5}},"6":{"start":{"line":15,"column":4},"end":{"line":20,"column":5}},"7":{"start":{"line":16,"column":6},"end":{"line":19,"column":8}},"8":{"start":{"line":21,"column":20},"end":{"line":21,"column":38}},"9":{"start":{"line":23,"column":4},"end":{"line":25,"column":5}},"10":{"start":{"line":24,"column":6},"end":{"line":24,"column":68}},"11":{"start":{"line":28,"column":4},"end":{"line":59,"column":5}},"12":{"start":{"line":29,"column":22},"end":{"line":32,"column":7}},"13":{"start":{"line":33,"column":6},"end":{"line":35,"column":7}},"14":{"start":{"line":34,"column":8},"end":{"line":34,"column":95}},"15":{"start":{"line":37,"column":23},"end":{"line":37,"column":38}},"16":{"start":{"line":38,"column":6},"end":{"line":40,"column":7}},"17":{"start":{"line":39,"column":8},"end":{"line":39,"column":88}},"18":{"start":{"line":41,"column":6},"end":{"line":43,"column":7}},"19":{"start":{"line":42,"column":8},"end":{"line":42,"column":95}},"20":{"start":{"line":46,"column":24},"end":{"line":51,"column":7}},"21":{"start":{"line":53,"column":6},"end":{"line":55,"column":7}},"22":{"start":{"line":54,"column":8},"end":{"line":54,"column":124}},"23":{"start":{"line":58,"column":6},"end":{"line":58,"column":35}},"24":{"start":{"line":62,"column":21},"end":{"line":66,"column":5}},"25":{"start":{"line":67,"column":21},"end":{"line":67,"column":40}},"26":{"start":{"line":70,"column":4},"end":{"line":95,"column":5}},"27":{"start":{"line":71,"column":27},"end":{"line":75,"column":7}},"28":{"start":{"line":76,"column":28},"end":{"line":76,"column":51}},"29":{"start":{"line":78,"column":6},"end":{"line":94,"column":7}},"30":{"start":{"line":79,"column":8},"end":{"line":93,"column":9}},"31":{"start":{"line":80,"column":28},"end":{"line":83,"column":11}},"32":{"start":{"line":84,"column":10},"end":{"line":84,"column":52}},"33":{"start":{"line":84,"column":43},"end":{"line":84,"column":52}},"34":{"start":{"line":86,"column":30},"end":{"line":86,"column":59}},"35":{"start":{"line":88,"column":10},"end":{"line":92,"column":12}},"36":{"start":{"line":98,"column":4},"end":{"line":98,"column":51}},"37":{"start":{"line":101,"column":4},"end":{"line":104,"column":6}},"38":{"start":{"line":106,"column":4},"end":{"line":106,"column":33}},"39":{"start":{"line":109,"column":22},"end":{"line":109,"column":46}},"40":{"start":{"line":110,"column":15},"end":{"line":110,"column":22}},"41":{"start":{"line":113,"column":35},"end":{"line":127,"column":5}},"42":{"start":{"line":129,"column":21},"end":{"line":129,"column":98}},"43":{"start":{"line":130,"column":23},"end":{"line":130,"column":45}},"44":{"start":{"line":132,"column":4},"end":{"line":138,"column":5}},"45":{"start":{"line":133,"column":6},"end":{"line":137,"column":9}},"46":{"start":{"line":140,"column":4},"end":{"line":140,"column":24}},"47":{"start":{"line":142,"column":4},"end":{"line":142,"column":35}},"48":{"start":{"line":143,"column":4},"end":{"line":143,"column":14}},"49":{"start":{"line":145,"column":4},"end":{"line":145,"column":21}},"50":{"start":{"line":151,"column":20},"end":{"line":154,"column":3}},"51":{"start":{"line":155,"column":17},"end":{"line":155,"column":31}},"52":{"start":{"line":157,"column":2},"end":{"line":157,"column":37}},"53":{"start":{"line":157,"column":27},"end":{"line":157,"column":37}},"54":{"start":{"line":159,"column":19},"end":{"line":159,"column":40}},"55":{"start":{"line":159,"column":35},"end":{"line":159,"column":39}},"56":{"start":{"line":162,"column":19},"end":{"line":168,"column":3}},"57":{"start":{"line":169,"column":21},"end":{"line":169,"column":34}},"58":{"start":{"line":171,"column":2},"end":{"line":173,"column":3}},"59":{"start":{"line":172,"column":4},"end":{"line":172,"column":50}},"60":{"start":{"line":172,"column":28},"end":{"line":172,"column":47}},"61":{"start":{"line":175,"column":18},"end":{"line":175,"column":43}},"62":{"start":{"line":175,"column":38},"end":{"line":175,"column":42}},"63":{"start":{"line":178,"column":21},"end":{"line":184,"column":3}},"64":{"start":{"line":185,"column":18},"end":{"line":185,"column":33}},"65":{"start":{"line":188,"column":19},"end":{"line":193,"column":4}},"66":{"start":{"line":189,"column":4},"end":{"line":192,"column":6}},"67":{"start":{"line":191,"column":37},"end":{"line":191,"column":66}},"68":{"start":{"line":195,"column":2},"end":{"line":200,"column":5}},"69":{"start":{"line":196,"column":4},"end":{"line":199,"column":6}},"70":{"start":{"line":198,"column":34},"end":{"line":198,"column":57}},"71":{"start":{"line":203,"column":0},"end":{"line":206,"column":2}}},"fnMap":{"0":{"name":"createOrder","decl":{"start":{"line":4,"column":15},"end":{"line":4,"column":26}},"loc":{"start":{"line":4,"column":63},"end":{"line":147,"column":1}},"line":4},"1":{"name":"getSessionOrders","decl":{"start":{"line":149,"column":15},"end":{"line":149,"column":31}},"loc":{"start":{"line":149,"column":44},"end":{"line":201,"column":1}},"line":149},"2":{"name":"(anonymous_2)","decl":{"start":{"line":159,"column":30},"end":{"line":159,"column":31}},"loc":{"start":{"line":159,"column":35},"end":{"line":159,"column":39}},"line":159},"3":{"name":"(anonymous_3)","decl":{"start":{"line":172,"column":22},"end":{"line":172,"column":23}},"loc":{"start":{"line":172,"column":28},"end":{"line":172,"column":47}},"line":172},"4":{"name":"(anonymous_4)","decl":{"start":{"line":175,"column":33},"end":{"line":175,"column":34}},"loc":{"start":{"line":175,"column":38},"end":{"line":175,"column":42}},"line":175},"5":{"name":"(anonymous_5)","decl":{"start":{"line":188,"column":34},"end":{"line":188,"column":35}},"loc":{"start":{"line":188,"column":42},"end":{"line":193,"column":3}},"line":188},"6":{"name":"(anonymous_6)","decl":{"start":{"line":191,"column":30},"end":{"line":191,"column":31}},"loc":{"start":{"line":191,"column":37},"end":{"line":191,"column":66}},"line":191},"7":{"name":"(anonymous_7)","decl":{"start":{"line":195,"column":20},"end":{"line":195,"column":21}},"loc":{"start":{"line":195,"column":29},"end":{"line":200,"column":3}},"line":195},"8":{"name":"(anonymous_8)","decl":{"start":{"line":198,"column":29},"end":{"line":198,"column":30}},"loc":{"start":{"line":198,"column":34},"end":{"line":198,"column":57}},"line":198}},"branchMap":{"0":{"loc":{"start":{"line":15,"column":4},"end":{"line":20,"column":5}},"type":"if","locations":[{"start":{"line":15,"column":4},"end":{"line":20,"column":5}},{"start":{},"end":{}}],"line":15},"1":{"loc":{"start":{"line":23,"column":4},"end":{"line":25,"column":5}},"type":"if","locations":[{"start":{"line":23,"column":4},"end":{"line":25,"column":5}},{"start":{},"end":{}}],"line":23},"2":{"loc":{"start":{"line":33,"column":6},"end":{"line":35,"column":7}},"type":"if","locations":[{"start":{"line":33,"column":6},"end":{"line":35,"column":7}},{"start":{},"end":{}}],"line":33},"3":{"loc":{"start":{"line":38,"column":6},"end":{"line":40,"column":7}},"type":"if","locations":[{"start":{"line":38,"column":6},"end":{"line":40,"column":7}},{"start":{},"end":{}}],"line":38},"4":{"loc":{"start":{"line":41,"column":6},"end":{"line":43,"column":7}},"type":"if","locations":[{"start":{"line":41,"column":6},"end":{"line":43,"column":7}},{"start":{},"end":{}}],"line":41},"5":{"loc":{"start":{"line":53,"column":6},"end":{"line":55,"column":7}},"type":"if","locations":[{"start":{"line":53,"column":6},"end":{"line":55,"column":7}},{"start":{},"end":{}}],"line":53},"6":{"loc":{"start":{"line":74,"column":66},"end":{"line":74,"column":83}},"type":"binary-expr","locations":[{"start":{"line":74,"column":66},"end":{"line":74,"column":75}},{"start":{"line":74,"column":79},"end":{"line":74,"column":83}}],"line":74},"7":{"loc":{"start":{"line":78,"column":6},"end":{"line":94,"column":7}},"type":"if","locations":[{"start":{"line":78,"column":6},"end":{"line":94,"column":7}},{"start":{},"end":{}}],"line":78},"8":{"loc":{"start":{"line":78,"column":10},"end":{"line":78,"column":53}},"type":"binary-expr","locations":[{"start":{"line":78,"column":10},"end":{"line":78,"column":22}},{"start":{"line":78,"column":26},"end":{"line":78,"column":53}}],"line":78},"9":{"loc":{"start":{"line":84,"column":10},"end":{"line":84,"column":52}},"type":"if","locations":[{"start":{"line":84,"column":10},"end":{"line":84,"column":52}},{"start":{},"end":{}}],"line":84},"10":{"loc":{"start":{"line":91,"column":46},"end":{"line":91,"column":66}},"type":"binary-expr","locations":[{"start":{"line":91,"column":46},"end":{"line":91,"column":61}},{"start":{"line":91,"column":65},"end":{"line":91,"column":66}}],"line":91},"11":{"loc":{"start":{"line":157,"column":2},"end":{"line":157,"column":37}},"type":"if","locations":[{"start":{"line":157,"column":2},"end":{"line":157,"column":37}},{"start":{},"end":{}}],"line":157},"12":{"loc":{"start":{"line":171,"column":2},"end":{"line":173,"column":3}},"type":"if","locations":[{"start":{"line":171,"column":2},"end":{"line":173,"column":3}},{"start":{},"end":{}}],"line":171}},"s":{"0":1,"1":1,"2":4,"3":4,"4":4,"5":4,"6":4,"7":1,"8":3,"9":3,"10":1,"11":2,"12":2,"13":2,"14":0,"15":2,"16":2,"17":0,"18":2,"19":1,"20":1,"21":1,"22":0,"23":1,"24":1,"25":1,"26":1,"27":1,"28":1,"29":1,"30":1,"31":1,"32":1,"33":0,"34":1,"35":1,"36":1,"37":1,"38":1,"39":1,"40":1,"41":1,"42":1,"43":1,"44":1,"45":1,"46":1,"47":3,"48":3,"49":4,"50":0,"51":0,"52":0,"53":0,"54":0,"55":0,"56":0,"57":0,"58":0,"59":0,"60":0,"61":0,"62":0,"63":0,"64":0,"65":0,"66":0,"67":0,"68":0,"69":0,"70":0,"71":1},"f":{"0":4,"1":0,"2":0,"3":0,"4":0,"5":0,"6":0,"7":0,"8":0},"b":{"0":[1,3],"1":[1,2],"2":[0,2],"3":[0,2],"4":[1,1],"5":[0,1],"6":[1,1],"7":[1,0],"8":[1,1],"9":[0,1],"10":[1,1],"11":[0,0],"12":[0,0]},"_coverageSchema":"1a1c01bbd47fc00a2c39e90264f33305004495a9","hash":"d2e022e953311a40aa7586524d2e288900fa03ef"}
,"C:\\Users\\Admin\\OneDrive\\Documents\\KTHP-LTW\\BE_THLTW\\src\\services\\session.service.js": {"path":"C:\\Users\\Admin\\OneDrive\\Documents\\KTHP-LTW\\BE_THLTW\\src\\services\\session.service.js","statementMap":{"0":{"start":{"line":2,"column":13},"end":{"line":2,"column":36}},"1":{"start":{"line":3,"column":33},"end":{"line":3,"column":61}},"2":{"start":{"line":8,"column":17},"end":{"line":8,"column":37}},"3":{"start":{"line":9,"column":2},"end":{"line":44,"column":3}},"4":{"start":{"line":10,"column":4},"end":{"line":10,"column":32}},"5":{"start":{"line":11,"column":18},"end":{"line":11,"column":110}},"6":{"start":{"line":12,"column":4},"end":{"line":12,"column":113}},"7":{"start":{"line":12,"column":33},"end":{"line":12,"column":113}},"8":{"start":{"line":13,"column":15},"end":{"line":13,"column":28}},"9":{"start":{"line":15,"column":21},"end":{"line":15,"column":92}},"10":{"start":{"line":16,"column":18},"end":{"line":16,"column":34}},"11":{"start":{"line":18,"column":4},"end":{"line":20,"column":5}},"12":{"start":{"line":19,"column":6},"end":{"line":19,"column":90}},"13":{"start":{"line":22,"column":23},"end":{"line":26,"column":5}},"14":{"start":{"line":27,"column":23},"end":{"line":27,"column":44}},"15":{"start":{"line":29,"column":4},"end":{"line":29,"column":90}},"16":{"start":{"line":30,"column":4},"end":{"line":30,"column":33}},"17":{"start":{"line":32,"column":22},"end":{"line":32,"column":46}},"18":{"start":{"line":33,"column":15},"end":{"line":33,"column":22}},"19":{"start":{"line":34,"column":4},"end":{"line":34,"column":93}},"20":{"start":{"line":37,"column":26},"end":{"line":37,"column":58}},"21":{"start":{"line":38,"column":4},"end":{"line":38,"column":53}},"22":{"start":{"line":40,"column":4},"end":{"line":40,"column":35}},"23":{"start":{"line":41,"column":4},"end":{"line":41,"column":14}},"24":{"start":{"line":43,"column":4},"end":{"line":43,"column":21}},"25":{"start":{"line":48,"column":19},"end":{"line":52,"column":3}},"26":{"start":{"line":53,"column":2},"end":{"line":53,"column":85}},"27":{"start":{"line":53,"column":25},"end":{"line":53,"column":85}},"28":{"start":{"line":54,"column":2},"end":{"line":54,"column":17}},"29":{"start":{"line":58,"column":22},"end":{"line":58,"column":76}},"30":{"start":{"line":59,"column":25},"end":{"line":59,"column":27}},"31":{"start":{"line":60,"column":19},"end":{"line":60,"column":20}},"32":{"start":{"line":61,"column":2},"end":{"line":61,"column":103}},"33":{"start":{"line":61,"column":21},"end":{"line":61,"column":67}},"34":{"start":{"line":61,"column":68},"end":{"line":61,"column":101}},"35":{"start":{"line":62,"column":2},"end":{"line":62,"column":100}},"36":{"start":{"line":62,"column":17},"end":{"line":62,"column":68}},"37":{"start":{"line":62,"column":69},"end":{"line":62,"column":98}},"38":{"start":{"line":63,"column":2},"end":{"line":63,"column":42}},"39":{"start":{"line":65,"column":17},"end":{"line":65,"column":64}},"40":{"start":{"line":66,"column":21},"end":{"line":66,"column":32}},"41":{"start":{"line":67,"column":2},"end":{"line":67,"column":41}},"42":{"start":{"line":67,"column":31},"end":{"line":67,"column":41}},"43":{"start":{"line":69,"column":22},"end":{"line":69,"column":49}},"44":{"start":{"line":69,"column":44},"end":{"line":69,"column":48}},"45":{"start":{"line":70,"column":19},"end":{"line":73,"column":3}},"46":{"start":{"line":74,"column":16},"end":{"line":74,"column":29}},"47":{"start":{"line":75,"column":2},"end":{"line":75,"column":78}},"48":{"start":{"line":75,"column":26},"end":{"line":75,"column":78}},"49":{"start":{"line":75,"column":56},"end":{"line":75,"column":75}},"50":{"start":{"line":77,"column":18},"end":{"line":77,"column":40}},"51":{"start":{"line":77,"column":35},"end":{"line":77,"column":39}},"52":{"start":{"line":78,"column":21},"end":{"line":81,"column":3}},"53":{"start":{"line":82,"column":18},"end":{"line":82,"column":33}},"54":{"start":{"line":84,"column":2},"end":{"line":84,"column":93}},"55":{"start":{"line":84,"column":26},"end":{"line":84,"column":89}},"56":{"start":{"line":84,"column":61},"end":{"line":84,"column":87}},"57":{"start":{"line":85,"column":2},"end":{"line":85,"column":91}},"58":{"start":{"line":85,"column":30},"end":{"line":85,"column":88}},"59":{"start":{"line":85,"column":63},"end":{"line":85,"column":85}},"60":{"start":{"line":89,"column":19},"end":{"line":93,"column":3}},"61":{"start":{"line":94,"column":21},"end":{"line":94,"column":31}},"62":{"start":{"line":96,"column":21},"end":{"line":99,"column":3}},"63":{"start":{"line":100,"column":21},"end":{"line":100,"column":45}},"64":{"start":{"line":102,"column":20},"end":{"line":102,"column":44}},"65":{"start":{"line":103,"column":13},"end":{"line":103,"column":20}},"66":{"start":{"line":104,"column":2},"end":{"line":104,"column":89}},"67":{"start":{"line":105,"column":2},"end":{"line":105,"column":24}},"68":{"start":{"line":109,"column":20},"end":{"line":124,"column":3}},"69":{"start":{"line":125,"column":19},"end":{"line":125,"column":62}},"70":{"start":{"line":126,"column":19},"end":{"line":126,"column":47}},"71":{"start":{"line":128,"column":21},"end":{"line":128,"column":107}},"72":{"start":{"line":129,"column":26},"end":{"line":129,"column":72}},"73":{"start":{"line":130,"column":19},"end":{"line":130,"column":81}},"74":{"start":{"line":131,"column":21},"end":{"line":131,"column":85}},"75":{"start":{"line":132,"column":23},"end":{"line":132,"column":87}},"76":{"start":{"line":134,"column":2},"end":{"line":137,"column":4}},"77":{"start":{"line":143,"column":16},"end":{"line":148,"column":3}},"78":{"start":{"line":149,"column":19},"end":{"line":149,"column":42}},"79":{"start":{"line":150,"column":2},"end":{"line":150,"column":14}},"80":{"start":{"line":154,"column":21},"end":{"line":157,"column":3}},"81":{"start":{"line":158,"column":2},"end":{"line":160,"column":3}},"82":{"start":{"line":159,"column":4},"end":{"line":159,"column":78}},"83":{"start":{"line":161,"column":18},"end":{"line":161,"column":36}},"84":{"start":{"line":164,"column":31},"end":{"line":164,"column":57}},"85":{"start":{"line":165,"column":2},"end":{"line":165,"column":54}},"86":{"start":{"line":167,"column":2},"end":{"line":167,"column":17}},"87":{"start":{"line":171,"column":17},"end":{"line":171,"column":37}},"88":{"start":{"line":172,"column":2},"end":{"line":203,"column":3}},"89":{"start":{"line":173,"column":4},"end":{"line":173,"column":32}},"90":{"start":{"line":175,"column":23},"end":{"line":175,"column":113}},"91":{"start":{"line":176,"column":4},"end":{"line":176,"column":98}},"92":{"start":{"line":176,"column":38},"end":{"line":176,"column":98}},"93":{"start":{"line":177,"column":21},"end":{"line":177,"column":48}},"94":{"start":{"line":180,"column":4},"end":{"line":183,"column":6}},"95":{"start":{"line":186,"column":4},"end":{"line":186,"column":110}},"96":{"start":{"line":187,"column":4},"end":{"line":187,"column":91}},"97":{"start":{"line":189,"column":4},"end":{"line":189,"column":33}},"98":{"start":{"line":192,"column":22},"end":{"line":192,"column":46}},"99":{"start":{"line":193,"column":15},"end":{"line":193,"column":22}},"100":{"start":{"line":194,"column":4},"end":{"line":194,"column":84}},"101":{"start":{"line":195,"column":4},"end":{"line":195,"column":81}},"102":{"start":{"line":197,"column":4},"end":{"line":197,"column":29}},"103":{"start":{"line":199,"column":4},"end":{"line":199,"column":35}},"104":{"start":{"line":200,"column":4},"end":{"line":200,"column":14}},"105":{"start":{"line":202,"column":4},"end":{"line":202,"column":21}},"106":{"start":{"line":207,"column":17},"end":{"line":207,"column":37}},"107":{"start":{"line":208,"column":2},"end":{"line":230,"column":3}},"108":{"start":{"line":209,"column":4},"end":{"line":209,"column":32}},"109":{"start":{"line":210,"column":23},"end":{"line":210,"column":113}},"110":{"start":{"line":211,"column":4},"end":{"line":211,"column":98}},"111":{"start":{"line":211,"column":38},"end":{"line":211,"column":98}},"112":{"start":{"line":212,"column":21},"end":{"line":212,"column":48}},"113":{"start":{"line":214,"column":4},"end":{"line":214,"column":110}},"114":{"start":{"line":215,"column":4},"end":{"line":215,"column":91}},"115":{"start":{"line":217,"column":4},"end":{"line":217,"column":33}},"116":{"start":{"line":219,"column":22},"end":{"line":219,"column":46}},"117":{"start":{"line":220,"column":15},"end":{"line":220,"column":22}},"118":{"start":{"line":221,"column":4},"end":{"line":221,"column":84}},"119":{"start":{"line":222,"column":4},"end":{"line":222,"column":89}},"120":{"start":{"line":224,"column":4},"end":{"line":224,"column":29}},"121":{"start":{"line":226,"column":4},"end":{"line":226,"column":35}},"122":{"start":{"line":227,"column":4},"end":{"line":227,"column":14}},"123":{"start":{"line":229,"column":4},"end":{"line":229,"column":21}},"124":{"start":{"line":234,"column":17},"end":{"line":234,"column":37}},"125":{"start":{"line":235,"column":2},"end":{"line":273,"column":3}},"126":{"start":{"line":236,"column":4},"end":{"line":236,"column":32}},"127":{"start":{"line":239,"column":22},"end":{"line":242,"column":5}},"128":{"start":{"line":243,"column":4},"end":{"line":243,"column":100}},"129":{"start":{"line":243,"column":37},"end":{"line":243,"column":100}},"130":{"start":{"line":244,"column":21},"end":{"line":244,"column":47}},"131":{"start":{"line":247,"column":21},"end":{"line":247,"column":98}},"132":{"start":{"line":248,"column":23},"end":{"line":248,"column":50}},"133":{"start":{"line":251,"column":4},"end":{"line":251,"column":51}},"134":{"start":{"line":254,"column":27},"end":{"line":254,"column":111}},"135":{"start":{"line":255,"column":4},"end":{"line":257,"column":5}},"136":{"start":{"line":255,"column":39},"end":{"line":255,"column":63}},"137":{"start":{"line":256,"column":6},"end":{"line":256,"column":93}},"138":{"start":{"line":259,"column":4},"end":{"line":259,"column":33}},"139":{"start":{"line":262,"column":22},"end":{"line":262,"column":46}},"140":{"start":{"line":263,"column":15},"end":{"line":263,"column":22}},"141":{"start":{"line":264,"column":4},"end":{"line":264,"column":79}},"142":{"start":{"line":265,"column":4},"end":{"line":265,"column":130}},"143":{"start":{"line":267,"column":4},"end":{"line":267,"column":29}},"144":{"start":{"line":269,"column":4},"end":{"line":269,"column":35}},"145":{"start":{"line":270,"column":4},"end":{"line":270,"column":14}},"146":{"start":{"line":272,"column":4},"end":{"line":272,"column":21}},"147":{"start":{"line":277,"column":19},"end":{"line":283,"column":3}},"148":{"start":{"line":284,"column":2},"end":{"line":284,"column":14}},"149":{"start":{"line":288,"column":2},"end":{"line":291,"column":4}},"150":{"start":{"line":292,"column":2},"end":{"line":292,"column":27}},"151":{"start":{"line":295,"column":0},"end":{"line":308,"column":2}}},"fnMap":{"0":{"name":"scan","decl":{"start":{"line":6,"column":15},"end":{"line":6,"column":19}},"loc":{"start":{"line":6,"column":29},"end":{"line":45,"column":1}},"line":6},"1":{"name":"getSession","decl":{"start":{"line":47,"column":15},"end":{"line":47,"column":25}},"loc":{"start":{"line":47,"column":38},"end":{"line":55,"column":1}},"line":47},"2":{"name":"getMenu","decl":{"start":{"line":57,"column":15},"end":{"line":57,"column":22}},"loc":{"start":{"line":57,"column":49},"end":{"line":86,"column":1}},"line":57},"3":{"name":"(anonymous_3)","decl":{"start":{"line":69,"column":37},"end":{"line":69,"column":38}},"loc":{"start":{"line":69,"column":44},"end":{"line":69,"column":48}},"line":69},"4":{"name":"(anonymous_4)","decl":{"start":{"line":75,"column":48},"end":{"line":75,"column":49}},"loc":{"start":{"line":75,"column":56},"end":{"line":75,"column":75}},"line":75},"5":{"name":"(anonymous_5)","decl":{"start":{"line":77,"column":28},"end":{"line":77,"column":29}},"loc":{"start":{"line":77,"column":35},"end":{"line":77,"column":39}},"line":77},"6":{"name":"(anonymous_6)","decl":{"start":{"line":84,"column":16},"end":{"line":84,"column":17}},"loc":{"start":{"line":84,"column":24},"end":{"line":84,"column":91}},"line":84},"7":{"name":"(anonymous_7)","decl":{"start":{"line":84,"column":56},"end":{"line":84,"column":57}},"loc":{"start":{"line":84,"column":61},"end":{"line":84,"column":87}},"line":84},"8":{"name":"(anonymous_8)","decl":{"start":{"line":85,"column":24},"end":{"line":85,"column":25}},"loc":{"start":{"line":85,"column":30},"end":{"line":85,"column":88}},"line":85},"9":{"name":"(anonymous_9)","decl":{"start":{"line":85,"column":58},"end":{"line":85,"column":59}},"loc":{"start":{"line":85,"column":63},"end":{"line":85,"column":85}},"line":85},"10":{"name":"createCustomerRequest","decl":{"start":{"line":88,"column":15},"end":{"line":88,"column":36}},"loc":{"start":{"line":88,"column":63},"end":{"line":106,"column":1}},"line":88},"11":{"name":"calculateSessionBill","decl":{"start":{"line":108,"column":15},"end":{"line":108,"column":35}},"loc":{"start":{"line":108,"column":56},"end":{"line":138,"column":1}},"line":108},"12":{"name":"getTables","decl":{"start":{"line":142,"column":15},"end":{"line":142,"column":24}},"loc":{"start":{"line":142,"column":27},"end":{"line":151,"column":1}},"line":142},"13":{"name":"getTableActiveSession","decl":{"start":{"line":153,"column":15},"end":{"line":153,"column":36}},"loc":{"start":{"line":153,"column":47},"end":{"line":168,"column":1}},"line":153},"14":{"name":"checkoutCash","decl":{"start":{"line":170,"column":15},"end":{"line":170,"column":27}},"loc":{"start":{"line":170,"column":48},"end":{"line":204,"column":1}},"line":170},"15":{"name":"forceCloseSession","decl":{"start":{"line":206,"column":15},"end":{"line":206,"column":32}},"loc":{"start":{"line":206,"column":45},"end":{"line":231,"column":1}},"line":206},"16":{"name":"cancelOrderItem","decl":{"start":{"line":233,"column":15},"end":{"line":233,"column":30}},"loc":{"start":{"line":233,"column":61},"end":{"line":274,"column":1}},"line":233},"17":{"name":"(anonymous_17)","decl":{"start":{"line":255,"column":34},"end":{"line":255,"column":35}},"loc":{"start":{"line":255,"column":39},"end":{"line":255,"column":63}},"line":255},"18":{"name":"getRequests","decl":{"start":{"line":276,"column":15},"end":{"line":276,"column":26}},"loc":{"start":{"line":276,"column":29},"end":{"line":285,"column":1}},"line":276},"19":{"name":"resolveRequest","decl":{"start":{"line":287,"column":15},"end":{"line":287,"column":29}},"loc":{"start":{"line":287,"column":42},"end":{"line":293,"column":1}},"line":287}},"branchMap":{"0":{"loc":{"start":{"line":12,"column":4},"end":{"line":12,"column":113}},"type":"if","locations":[{"start":{"line":12,"column":4},"end":{"line":12,"column":113}},{"start":{},"end":{}}],"line":12},"1":{"loc":{"start":{"line":18,"column":4},"end":{"line":20,"column":5}},"type":"if","locations":[{"start":{"line":18,"column":4},"end":{"line":20,"column":5}},{"start":{},"end":{}}],"line":18},"2":{"loc":{"start":{"line":53,"column":2},"end":{"line":53,"column":85}},"type":"if","locations":[{"start":{"line":53,"column":2},"end":{"line":53,"column":85}},{"start":{},"end":{}}],"line":53},"3":{"loc":{"start":{"line":61,"column":2},"end":{"line":61,"column":103}},"type":"if","locations":[{"start":{"line":61,"column":2},"end":{"line":61,"column":103}},{"start":{},"end":{}}],"line":61},"4":{"loc":{"start":{"line":62,"column":2},"end":{"line":62,"column":100}},"type":"if","locations":[{"start":{"line":62,"column":2},"end":{"line":62,"column":100}},{"start":{},"end":{}}],"line":62},"5":{"loc":{"start":{"line":67,"column":2},"end":{"line":67,"column":41}},"type":"if","locations":[{"start":{"line":67,"column":2},"end":{"line":67,"column":41}},{"start":{},"end":{}}],"line":67},"6":{"loc":{"start":{"line":75,"column":2},"end":{"line":75,"column":78}},"type":"if","locations":[{"start":{"line":75,"column":2},"end":{"line":75,"column":78}},{"start":{},"end":{}}],"line":75},"7":{"loc":{"start":{"line":130,"column":19},"end":{"line":130,"column":81}},"type":"cond-expr","locations":[{"start":{"line":130,"column":42},"end":{"line":130,"column":74}},{"start":{"line":130,"column":77},"end":{"line":130,"column":81}}],"line":130},"8":{"loc":{"start":{"line":158,"column":2},"end":{"line":160,"column":3}},"type":"if","locations":[{"start":{"line":158,"column":2},"end":{"line":160,"column":3}},{"start":{},"end":{}}],"line":158},"9":{"loc":{"start":{"line":176,"column":4},"end":{"line":176,"column":98}},"type":"if","locations":[{"start":{"line":176,"column":4},"end":{"line":176,"column":98}},{"start":{},"end":{}}],"line":176},"10":{"loc":{"start":{"line":211,"column":4},"end":{"line":211,"column":98}},"type":"if","locations":[{"start":{"line":211,"column":4},"end":{"line":211,"column":98}},{"start":{},"end":{}}],"line":211},"11":{"loc":{"start":{"line":243,"column":4},"end":{"line":243,"column":100}},"type":"if","locations":[{"start":{"line":243,"column":4},"end":{"line":243,"column":100}},{"start":{},"end":{}}],"line":243},"12":{"loc":{"start":{"line":255,"column":4},"end":{"line":257,"column":5}},"type":"if","locations":[{"start":{"line":255,"column":4},"end":{"line":257,"column":5}},{"start":{},"end":{}}],"line":255}},"s":{"0":1,"1":1,"2":0,"3":0,"4":0,"5":0,"6":0,"7":0,"8":0,"9":0,"10":0,"11":0,"12":0,"13":0,"14":0,"15":0,"16":0,"17":0,"18":0,"19":0,"20":0,"21":0,"22":0,"23":0,"24":0,"25":0,"26":0,"27":0,"28":0,"29":0,"30":0,"31":0,"32":0,"33":0,"34":0,"35":0,"36":0,"37":0,"38":0,"39":0,"40":0,"41":0,"42":0,"43":0,"44":0,"45":0,"46":0,"47":0,"48":0,"49":0,"50":0,"51":0,"52":0,"53":0,"54":0,"55":0,"56":0,"57":0,"58":0,"59":0,"60":0,"61":0,"62":0,"63":0,"64":0,"65":0,"66":0,"67":0,"68":1,"69":1,"70":1,"71":1,"72":1,"73":1,"74":1,"75":1,"76":1,"77":0,"78":0,"79":0,"80":0,"81":0,"82":0,"83":0,"84":0,"85":0,"86":0,"87":0,"88":0,"89":0,"90":0,"91":0,"92":0,"93":0,"94":0,"95":0,"96":0,"97":0,"98":0,"99":0,"100":0,"101":0,"102":0,"103":0,"104":0,"105":0,"106":0,"107":0,"108":0,"109":0,"110":0,"111":0,"112":0,"113":0,"114":0,"115":0,"116":0,"117":0,"118":0,"119":0,"120":0,"121":0,"122":0,"123":0,"124":0,"125":0,"126":0,"127":0,"128":0,"129":0,"130":0,"131":0,"132":0,"133":0,"134":0,"135":0,"136":0,"137":0,"138":0,"139":0,"140":0,"141":0,"142":0,"143":0,"144":0,"145":0,"146":0,"147":0,"148":0,"149":0,"150":0,"151":1},"f":{"0":0,"1":0,"2":0,"3":0,"4":0,"5":0,"6":0,"7":0,"8":0,"9":0,"10":0,"11":1,"12":0,"13":0,"14":0,"15":0,"16":0,"17":0,"18":0,"19":0},"b":{"0":[0,0],"1":[0,0],"2":[0,0],"3":[0,0],"4":[0,0],"5":[0,0],"6":[0,0],"7":[0,1],"8":[0,0],"9":[0,0],"10":[0,0],"11":[0,0],"12":[0,0]},"_coverageSchema":"1a1c01bbd47fc00a2c39e90264f33305004495a9","hash":"8ec90c827be495cb814bf0d7df6f76dc1d6b090e"}
,"C:\\Users\\Admin\\OneDrive\\Documents\\KTHP-LTW\\BE_THLTW\\src\\utils\\jwt.util.js": {"path":"C:\\Users\\Admin\\OneDrive\\Documents\\KTHP-LTW\\BE_THLTW\\src\\utils\\jwt.util.js","statementMap":{"0":{"start":{"line":1,"column":12},"end":{"line":1,"column":35}},"1":{"start":{"line":3,"column":0},"end":{"line":13,"column":2}},"2":{"start":{"line":4,"column":22},"end":{"line":6,"column":4}},"3":{"start":{"line":8,"column":23},"end":{"line":10,"column":4}},"4":{"start":{"line":12,"column":2},"end":{"line":12,"column":39}},"5":{"start":{"line":15,"column":0},"end":{"line":21,"column":2}},"6":{"start":{"line":16,"column":2},"end":{"line":20,"column":4}},"7":{"start":{"line":23,"column":0},"end":{"line":29,"column":2}},"8":{"start":{"line":24,"column":2},"end":{"line":28,"column":3}},"9":{"start":{"line":25,"column":4},"end":{"line":25,"column":60}},"10":{"start":{"line":27,"column":4},"end":{"line":27,"column":16}},"11":{"start":{"line":31,"column":0},"end":{"line":37,"column":2}},"12":{"start":{"line":32,"column":2},"end":{"line":36,"column":3}},"13":{"start":{"line":33,"column":4},"end":{"line":33,"column":61}},"14":{"start":{"line":35,"column":4},"end":{"line":35,"column":16}},"15":{"start":{"line":39,"column":0},"end":{"line":49,"column":2}},"16":{"start":{"line":40,"column":2},"end":{"line":48,"column":3}},"17":{"start":{"line":41,"column":20},"end":{"line":41,"column":68}},"18":{"start":{"line":42,"column":4},"end":{"line":44,"column":5}},"19":{"start":{"line":43,"column":6},"end":{"line":43,"column":18}},"20":{"start":{"line":45,"column":4},"end":{"line":45,"column":19}},"21":{"start":{"line":47,"column":4},"end":{"line":47,"column":16}}},"fnMap":{"0":{"name":"(anonymous_0)","decl":{"start":{"line":3,"column":25},"end":{"line":3,"column":26}},"loc":{"start":{"line":3,"column":38},"end":{"line":13,"column":1}},"line":3},"1":{"name":"(anonymous_1)","decl":{"start":{"line":15,"column":31},"end":{"line":15,"column":32}},"loc":{"start":{"line":15,"column":46},"end":{"line":21,"column":1}},"line":15},"2":{"name":"(anonymous_2)","decl":{"start":{"line":23,"column":28},"end":{"line":23,"column":29}},"loc":{"start":{"line":23,"column":39},"end":{"line":29,"column":1}},"line":23},"3":{"name":"(anonymous_3)","decl":{"start":{"line":31,"column":29},"end":{"line":31,"column":30}},"loc":{"start":{"line":31,"column":40},"end":{"line":37,"column":1}},"line":31},"4":{"name":"(anonymous_4)","decl":{"start":{"line":39,"column":29},"end":{"line":39,"column":30}},"loc":{"start":{"line":39,"column":40},"end":{"line":49,"column":1}},"line":39}},"branchMap":{"0":{"loc":{"start":{"line":5,"column":15},"end":{"line":5,"column":57}},"type":"binary-expr","locations":[{"start":{"line":5,"column":15},"end":{"line":5,"column":48}},{"start":{"line":5,"column":52},"end":{"line":5,"column":57}}],"line":5},"1":{"loc":{"start":{"line":9,"column":15},"end":{"line":9,"column":57}},"type":"binary-expr","locations":[{"start":{"line":9,"column":15},"end":{"line":9,"column":49}},{"start":{"line":9,"column":53},"end":{"line":9,"column":57}}],"line":9},"2":{"loc":{"start":{"line":42,"column":4},"end":{"line":44,"column":5}},"type":"if","locations":[{"start":{"line":42,"column":4},"end":{"line":44,"column":5}},{"start":{},"end":{}}],"line":42}},"s":{"0":2,"1":2,"2":0,"3":0,"4":0,"5":2,"6":0,"7":2,"8":0,"9":0,"10":0,"11":2,"12":0,"13":0,"14":0,"15":2,"16":0,"17":0,"18":0,"19":0,"20":0,"21":0},"f":{"0":0,"1":0,"2":0,"3":0,"4":0},"b":{"0":[0,0],"1":[0,0],"2":[0,0]},"_coverageSchema":"1a1c01bbd47fc00a2c39e90264f33305004495a9","hash":"06efdd921041cf57db9e3f8186a9dcb464bf3a44"}
,"C:\\Users\\Admin\\OneDrive\\Documents\\KTHP-LTW\\BE_THLTW\\src\\utils\\vnpay.util.js": {"path":"C:\\Users\\Admin\\OneDrive\\Documents\\KTHP-LTW\\BE_THLTW\\src\\utils\\vnpay.util.js","statementMap":{"0":{"start":{"line":1,"column":15},"end":{"line":1,"column":32}},"1":{"start":{"line":2,"column":20},"end":{"line":2,"column":33}},"2":{"start":{"line":3,"column":20},"end":{"line":3,"column":46}},"3":{"start":{"line":6,"column":15},"end":{"line":6,"column":17}},"4":{"start":{"line":7,"column":12},"end":{"line":7,"column":14}},"5":{"start":{"line":9,"column":2},"end":{"line":13,"column":3}},"6":{"start":{"line":10,"column":4},"end":{"line":12,"column":5}},"7":{"start":{"line":11,"column":6},"end":{"line":11,"column":40}},"8":{"start":{"line":14,"column":2},"end":{"line":14,"column":13}},"9":{"start":{"line":15,"column":2},"end":{"line":17,"column":3}},"10":{"start":{"line":16,"column":4},"end":{"line":16,"column":78}},"11":{"start":{"line":18,"column":2},"end":{"line":18,"column":16}},"12":{"start":{"line":21,"column":0},"end":{"line":59,"column":2}},"13":{"start":{"line":22,"column":16},"end":{"line":22,"column":39}},"14":{"start":{"line":23,"column":18},"end":{"line":23,"column":44}},"15":{"start":{"line":24,"column":15},"end":{"line":24,"column":34}},"16":{"start":{"line":25,"column":18},"end":{"line":25,"column":43}},"17":{"start":{"line":27,"column":13},"end":{"line":27,"column":23}},"18":{"start":{"line":29,"column":4},"end":{"line":34,"column":39}},"19":{"start":{"line":36,"column":19},"end":{"line":36,"column":21}},"20":{"start":{"line":37,"column":2},"end":{"line":37,"column":38}},"21":{"start":{"line":38,"column":2},"end":{"line":38,"column":36}},"22":{"start":{"line":39,"column":2},"end":{"line":39,"column":38}},"23":{"start":{"line":40,"column":2},"end":{"line":40,"column":34}},"24":{"start":{"line":41,"column":2},"end":{"line":41,"column":37}},"25":{"start":{"line":42,"column":2},"end":{"line":42,"column":36}},"26":{"start":{"line":43,"column":2},"end":{"line":43,"column":42}},"27":{"start":{"line":44,"column":2},"end":{"line":44,"column":40}},"28":{"start":{"line":45,"column":2},"end":{"line":45,"column":42}},"29":{"start":{"line":46,"column":2},"end":{"line":46,"column":42}},"30":{"start":{"line":47,"column":2},"end":{"line":47,"column":36}},"31":{"start":{"line":48,"column":2},"end":{"line":48,"column":44}},"32":{"start":{"line":50,"column":2},"end":{"line":50,"column":38}},"33":{"start":{"line":52,"column":17},"end":{"line":52,"column":69}},"34":{"start":{"line":53,"column":13},"end":{"line":53,"column":51}},"35":{"start":{"line":54,"column":15},"end":{"line":54,"column":72}},"36":{"start":{"line":55,"column":2},"end":{"line":55,"column":40}},"37":{"start":{"line":56,"column":2},"end":{"line":56,"column":71}},"38":{"start":{"line":58,"column":2},"end":{"line":58,"column":16}},"39":{"start":{"line":61,"column":0},"end":{"line":74,"column":2}},"40":{"start":{"line":62,"column":19},"end":{"line":62,"column":47}},"41":{"start":{"line":64,"column":2},"end":{"line":64,"column":38}},"42":{"start":{"line":65,"column":2},"end":{"line":65,"column":42}},"43":{"start":{"line":67,"column":2},"end":{"line":67,"column":38}},"44":{"start":{"line":68,"column":18},"end":{"line":68,"column":44}},"45":{"start":{"line":69,"column":17},"end":{"line":69,"column":69}},"46":{"start":{"line":70,"column":13},"end":{"line":70,"column":51}},"47":{"start":{"line":71,"column":15},"end":{"line":71,"column":72}},"48":{"start":{"line":73,"column":2},"end":{"line":73,"column":31}}},"fnMap":{"0":{"name":"sortObject","decl":{"start":{"line":5,"column":9},"end":{"line":5,"column":19}},"loc":{"start":{"line":5,"column":25},"end":{"line":19,"column":1}},"line":5},"1":{"name":"(anonymous_1)","decl":{"start":{"line":21,"column":27},"end":{"line":21,"column":28}},"loc":{"start":{"line":21,"column":66},"end":{"line":59,"column":1}},"line":21},"2":{"name":"(anonymous_2)","decl":{"start":{"line":61,"column":20},"end":{"line":61,"column":21}},"loc":{"start":{"line":61,"column":36},"end":{"line":74,"column":1}},"line":61}},"branchMap":{"0":{"loc":{"start":{"line":10,"column":4},"end":{"line":12,"column":5}},"type":"if","locations":[{"start":{"line":10,"column":4},"end":{"line":12,"column":5}},{"start":{},"end":{}}],"line":10}},"s":{"0":1,"1":1,"2":1,"3":3,"4":3,"5":3,"6":16,"7":16,"8":3,"9":3,"10":16,"11":3,"12":1,"13":1,"14":1,"15":1,"16":1,"17":1,"18":1,"19":1,"20":1,"21":1,"22":1,"23":1,"24":1,"25":1,"26":1,"27":1,"28":1,"29":1,"30":1,"31":1,"32":1,"33":1,"34":1,"35":1,"36":1,"37":1,"38":1,"39":1,"40":2,"41":2,"42":2,"43":2,"44":2,"45":2,"46":2,"47":2,"48":2},"f":{"0":3,"1":1,"2":2},"b":{"0":[16,0]},"_coverageSchema":"1a1c01bbd47fc00a2c39e90264f33305004495a9","hash":"ae2fcec65c52daba72fbc7cb4c5005eba0ade2ea"}
}
