TN:
SF:__tests__/helpers/mockDb.js
FN:11,(anonymous_0)
FN:23,(anonymous_1)
FNF:2
FNH:2
FNDA:39,(anonymous_0)
FNDA:6,(anonymous_1)
DA:1,6
DA:6,6
DA:11,6
DA:12,39
DA:13,39
DA:14,39
DA:15,39
DA:18,39
DA:19,39
DA:20,39
DA:23,6
DA:25,6
LF:12
LH:12
BRF:0
BRH:0
end_of_record
TN:
SF:__tests__/helpers/mockSocket.js
FN:5,(anonymous_0)
FN:6,(anonymous_1)
FNF:2
FNH:2
FNDA:4,(anonymous_0)
FNDA:7,(anonymous_1)
DA:1,4
DA:2,4
DA:3,4
DA:5,4
DA:6,7
DA:9,4
LF:6
LH:6
BRF:0
BRH:0
end_of_record
TN:
SF:src/middlewares/validate.middleware.js
FN:4,(anonymous_0)
FN:5,(anonymous_1)
FN:15,(anonymous_2)
FNF:3
FNH:3
FNDA:4,(anonymous_0)
FNDA:4,(anonymous_1)
FNDA:2,(anonymous_2)
DA:1,1
DA:2,1
DA:4,1
DA:5,4
DA:6,4
DA:7,4
DA:12,2
DA:14,2
DA:15,2
DA:19,2
DA:21,0
DA:26,1
LF:12
LH:11
BRDA:14,0,0,2
BRDA:14,0,1,0
BRF:2
BRH:1
end_of_record
TN:
SF:src/services/auth.service.js
FN:7,login
FN:60,refresh
FN:101,logout
FNF:3
FNH:2
FNDA:3,login
FNDA:2,refresh
FNDA:0,logout
DA:1,1
DA:2,1
DA:3,1
DA:4,1
DA:5,1
DA:8,3
DA:9,3
DA:10,3
DA:13,3
DA:14,3
DA:15,1
DA:18,2
DA:21,2
DA:22,2
DA:23,1
DA:27,1
DA:28,1
DA:31,1
DA:33,1
DA:34,1
DA:36,1
DA:41,1
DA:43,1
DA:53,2
DA:54,2
DA:56,3
DA:61,2
DA:62,2
DA:63,2
DA:66,2
DA:68,2
DA:73,2
DA:74,1
DA:77,1
DA:79,1
DA:80,1
DA:81,0
DA:84,1
DA:85,1
DA:88,1
DA:90,1
DA:92,1
DA:94,1
DA:95,1
DA:97,2
DA:102,0
DA:103,0
DA:104,0
DA:105,0
DA:109,0
DA:110,0
DA:112,0
DA:113,0
DA:115,0
DA:119,1
LF:55
LH:45
BRDA:14,0,0,1
BRDA:14,0,1,2
BRDA:22,1,0,1
BRDA:22,1,1,1
BRDA:73,2,0,1
BRDA:73,2,1,1
BRDA:80,3,0,0
BRDA:80,3,1,1
BRF:8
BRH:7
end_of_record
TN:
SF:src/services/kds.service.js
FN:4,getOrdersByStation
FN:35,updateOrderItemStatus
FN:60,(anonymous_2)
FN:61,(anonymous_3)
FN:62,(anonymous_4)
FNF:5
FNH:4
FNDA:0,getOrdersByStation
FNDA:3,updateOrderItemStatus
FNDA:5,(anonymous_2)
FNDA:3,(anonymous_3)
FNDA:3,(anonymous_4)
DA:1,1
DA:2,1
DA:5,0
DA:31,0
DA:32,0
DA:36,3
DA:37,3
DA:38,3
DA:41,3
DA:46,3
DA:47,0
DA:50,3
DA:53,3
DA:59,3
DA:60,5
DA:61,3
DA:62,3
DA:64,3
DA:65,0
DA:66,3
DA:67,2
DA:68,1
DA:69,1
DA:73,3
DA:74,3
DA:75,3
DA:78,3
DA:79,2
DA:81,2
DA:88,3
DA:91,3
DA:92,2
DA:93,2
DA:94,2
DA:101,3
DA:103,0
DA:104,0
DA:106,3
DA:110,1
LF:39
LH:32
BRDA:46,0,0,0
BRDA:46,0,1,3
BRDA:60,1,0,5
BRDA:60,1,1,1
BRDA:62,2,0,3
BRDA:62,2,1,3
BRDA:64,3,0,0
BRDA:64,3,1,3
BRDA:66,4,0,2
BRDA:66,4,1,1
BRDA:68,5,0,1
BRDA:68,5,1,0
BRDA:78,6,0,2
BRDA:78,6,1,1
BRDA:78,7,0,3
BRDA:78,7,1,3
BRDA:91,8,0,2
BRDA:91,8,1,1
BRDA:91,9,0,3
BRDA:91,9,1,3
BRDA:101,10,0,3
BRDA:101,10,1,0
BRF:22
BRH:18
end_of_record
TN:
SF:src/services/order.service.js
FN:5,createOrder
FN:147,getSessionOrders
FN:157,(anonymous_2)
FN:170,(anonymous_3)
FN:173,(anonymous_4)
FN:186,(anonymous_5)
FN:189,(anonymous_6)
FN:193,(anonymous_7)
FN:196,(anonymous_8)
FNF:9
FNH:1
FNDA:6,createOrder
FNDA:0,getSessionOrders
FNDA:0,(anonymous_2)
FNDA:0,(anonymous_3)
FNDA:0,(anonymous_4)
FNDA:0,(anonymous_5)
FNDA:0,(anonymous_6)
FNDA:0,(anonymous_7)
FNDA:0,(anonymous_8)
DA:1,1
DA:2,1
DA:3,1
DA:6,6
DA:7,6
DA:8,6
DA:11,6
DA:16,5
DA:17,1
DA:19,4
DA:21,4
DA:22,1
DA:26,3
DA:27,3
DA:31,3
DA:32,0
DA:35,3
DA:36,3
DA:37,1
DA:39,2
DA:40,1
DA:44,1
DA:51,1
DA:52,0
DA:56,1
DA:60,1
DA:65,1
DA:68,1
DA:69,1
DA:74,1
DA:76,1
DA:77,1
DA:78,1
DA:82,1
DA:84,1
DA:86,1
DA:96,1
DA:99,1
DA:104,1
DA:107,1
DA:108,1
DA:111,1
DA:127,1
DA:128,1
DA:130,1
DA:131,1
DA:138,1
DA:140,5
DA:141,5
DA:143,6
DA:149,0
DA:153,0
DA:155,0
DA:157,0
DA:160,0
DA:167,0
DA:169,0
DA:170,0
DA:173,0
DA:176,0
DA:183,0
DA:186,0
DA:187,0
DA:189,0
DA:193,0
DA:194,0
DA:196,0
DA:201,1
LF:68
LH:49
BRDA:16,0,0,1
BRDA:16,0,1,4
BRDA:21,1,0,1
BRDA:21,1,1,3
BRDA:31,2,0,0
BRDA:31,2,1,3
BRDA:36,3,0,1
BRDA:36,3,1,2
BRDA:39,4,0,1
BRDA:39,4,1,1
BRDA:51,5,0,0
BRDA:51,5,1,1
BRDA:72,6,0,1
BRDA:72,6,1,1
BRDA:76,7,0,1
BRDA:76,7,1,0
BRDA:76,8,0,1
BRDA:76,8,1,1
BRDA:82,9,0,0
BRDA:82,9,1,1
BRDA:89,10,0,1
BRDA:89,10,1,1
BRDA:155,11,0,0
BRDA:155,11,1,0
BRDA:169,12,0,0
BRDA:169,12,1,0
BRF:26
BRH:18
end_of_record
TN:
SF:src/services/payment.service.js
FN:7,createVNPayPayment
FN:42,processVNPayWebhook
FNF:2
FNH:2
FNDA:2,createVNPayPayment
FNDA:6,processVNPayWebhook
DA:1,1
DA:2,1
DA:3,1
DA:4,1
DA:5,1
DA:8,2
DA:9,2
DA:10,2
DA:11,2
DA:16,2
DA:17,1
DA:20,1
DA:21,1
DA:24,1
DA:30,1
DA:32,1
DA:33,1
DA:35,1
DA:36,1
DA:38,2
DA:43,6
DA:44,6
DA:45,1
DA:46,1
DA:49,5
DA:50,5
DA:51,5
DA:53,5
DA:55,5
DA:56,1
DA:57,1
DA:60,4
DA:61,4
DA:62,4
DA:64,4
DA:69,4
DA:70,1
DA:71,1
DA:72,1
DA:75,3
DA:77,3
DA:78,1
DA:79,1
DA:83,1
DA:86,2
DA:87,1
DA:92,1
DA:93,1
DA:97,1
DA:99,1
DA:101,1
DA:102,1
DA:103,1
DA:104,1
DA:106,1
DA:108,1
DA:112,1
DA:118,2
DA:119,2
DA:121,0
DA:122,0
DA:126,0
DA:128,4
DA:129,4
DA:130,4
DA:135,1
LF:66
LH:63
BRDA:16,0,0,1
BRDA:16,0,1,1
BRDA:44,1,0,1
BRDA:44,1,1,5
BRDA:55,2,0,1
BRDA:55,2,1,4
BRDA:55,3,0,5
BRDA:55,3,1,4
BRDA:69,4,0,1
BRDA:69,4,1,3
BRDA:77,5,0,1
BRDA:77,5,1,2
BRDA:77,6,0,3
BRDA:77,6,1,2
BRDA:86,7,0,1
BRDA:86,7,1,1
BRDA:129,8,0,4
BRDA:129,8,1,0
BRF:18
BRH:17
end_of_record
TN:
SF:src/services/report.service.js
FN:4,getRevenueReport
FN:21,getMenuReport
FN:35,getKdsReport
FN:53,generateExcelReport
FN:94,resetMenuQuota
FNF:5
FNH:5
FNDA:2,getRevenueReport
FNDA:1,getMenuReport
FNDA:1,getKdsReport
FNDA:1,generateExcelReport
FNDA:1,resetMenuQuota
DA:1,1
DA:2,1
DA:7,2
DA:8,2
DA:10,2
DA:17,2
DA:18,2
DA:22,1
DA:31,1
DA:32,1
DA:36,1
DA:49,1
DA:50,1
DA:54,1
DA:55,1
DA:58,1
DA:59,1
DA:68,1
DA:69,1
DA:72,1
DA:73,1
DA:84,1
DA:85,1
DA:87,1
DA:88,1
DA:90,1
DA:91,1
DA:95,1
DA:96,1
DA:99,1
LF:30
LH:30
BRDA:8,0,0,1
BRDA:8,0,1,1
BRF:2
BRH:2
end_of_record
TN:
SF:src/services/session.service.js
FN:7,scan
FN:48,getSession
FN:58,getMenu
FN:70,(anonymous_3)
FN:76,(anonymous_4)
FN:78,(anonymous_5)
FN:85,(anonymous_6)
FN:85,(anonymous_7)
FN:86,(anonymous_8)
FN:86,(anonymous_9)
FN:89,createCustomerRequest
FN:109,calculateSessionBill
FN:143,getTables
FN:154,getTableActiveSession
FN:171,checkoutCash
FN:207,forceCloseSession
FN:234,cancelOrderItem
FN:256,(anonymous_17)
FN:277,getRequests
FN:288,resolveRequest
FNF:20
FNH:6
FNDA:3,scan
FNDA:2,getSession
FNDA:0,getMenu
FNDA:0,(anonymous_3)
FNDA:0,(anonymous_4)
FNDA:0,(anonymous_5)
FNDA:0,(anonymous_6)
FNDA:0,(anonymous_7)
FNDA:0,(anonymous_8)
FNDA:0,(anonymous_9)
FNDA:0,createCustomerRequest
FNDA:2,calculateSessionBill
FNDA:1,getTables
FNDA:0,getTableActiveSession
FNDA:2,checkoutCash
FNDA:2,forceCloseSession
FNDA:0,cancelOrderItem
FNDA:0,(anonymous_17)
FNDA:0,getRequests
FNDA:0,resolveRequest
DA:2,2
DA:3,2
DA:4,2
DA:9,3
DA:10,3
DA:11,3
DA:12,3
DA:13,3
DA:14,2
DA:16,2
DA:17,2
DA:19,2
DA:20,1
DA:23,1
DA:28,1
DA:30,1
DA:31,1
DA:33,1
DA:34,1
DA:35,1
DA:38,1
DA:39,1
DA:41,2
DA:42,2
DA:44,3
DA:49,2
DA:54,2
DA:55,1
DA:59,0
DA:60,0
DA:61,0
DA:62,0
DA:63,0
DA:64,0
DA:66,0
DA:67,0
DA:68,0
DA:70,0
DA:71,0
DA:75,0
DA:76,0
DA:78,0
DA:79,0
DA:83,0
DA:85,0
DA:86,0
DA:90,0
DA:95,0
DA:97,0
DA:101,0
DA:103,0
DA:104,0
DA:105,0
DA:106,0
DA:110,2
DA:126,2
DA:127,2
DA:129,2
DA:130,2
DA:131,2
DA:132,2
DA:133,2
DA:135,2
DA:144,1
DA:150,1
DA:151,1
DA:155,0
DA:159,0
DA:160,0
DA:162,0
DA:165,0
DA:166,0
DA:168,0
DA:172,2
DA:173,2
DA:174,2
DA:176,2
DA:177,2
DA:178,1
DA:181,1
DA:187,1
DA:188,1
DA:190,1
DA:193,1
DA:194,1
DA:195,1
DA:196,1
DA:198,1
DA:200,1
DA:201,1
DA:203,2
DA:208,2
DA:209,2
DA:210,2
DA:211,2
DA:212,2
DA:213,1
DA:215,1
DA:216,1
DA:218,1
DA:220,1
DA:221,1
DA:222,1
DA:223,1
DA:225,1
DA:227,1
DA:228,1
DA:230,2
DA:235,0
DA:236,0
DA:237,0
DA:240,0
DA:244,0
DA:245,0
DA:248,0
DA:249,0
DA:252,0
DA:255,0
DA:256,0
DA:257,0
DA:260,0
DA:263,0
DA:264,0
DA:265,0
DA:266,0
DA:268,0
DA:270,0
DA:271,0
DA:273,0
DA:278,0
DA:285,0
DA:289,0
DA:293,0
DA:296,2
LF:134
LH:76
BRDA:13,0,0,1
BRDA:13,0,1,2
BRDA:19,1,0,1
BRDA:19,1,1,1
BRDA:54,2,0,1
BRDA:54,2,1,1
BRDA:62,3,0,0
BRDA:62,3,1,0
BRDA:63,4,0,0
BRDA:63,4,1,0
BRDA:68,5,0,0
BRDA:68,5,1,0
BRDA:76,6,0,0
BRDA:76,6,1,0
BRDA:131,7,0,0
BRDA:131,7,1,2
BRDA:159,8,0,0
BRDA:159,8,1,0
BRDA:177,9,0,1
BRDA:177,9,1,1
BRDA:212,10,0,1
BRDA:212,10,1,1
BRDA:244,11,0,0
BRDA:244,11,1,0
BRDA:256,12,0,0
BRDA:256,12,1,0
BRF:26
BRH:11
end_of_record
TN:
SF:src/utils/errors.js
FN:2,(anonymous_0)
FN:12,(anonymous_1)
FN:19,(anonymous_2)
FN:25,(anonymous_3)
FN:31,(anonymous_4)
FN:37,(anonymous_5)
FN:43,(anonymous_6)
FN:50,(anonymous_7)
FN:57,handleDatabaseError
FNF:9
FNH:9
FNDA:27,(anonymous_0)
FNDA:6,(anonymous_1)
FNDA:4,(anonymous_2)
FNDA:2,(anonymous_3)
FNDA:6,(anonymous_4)
FNDA:4,(anonymous_5)
FNDA:3,(anonymous_6)
FNDA:1,(anonymous_7)
FNDA:6,handleDatabaseError
DA:3,27
DA:4,27
DA:5,27
DA:6,27
DA:7,27
DA:13,6
DA:14,6
DA:20,4
DA:26,2
DA:32,6
DA:38,4
DA:44,3
DA:45,3
DA:51,1
DA:52,1
DA:53,1
DA:58,6
DA:59,1
DA:61,5
DA:62,1
DA:64,4
DA:65,1
DA:67,3
DA:68,1
DA:70,2
DA:71,1
DA:73,1
DA:76,6
LF:28
LH:28
BRDA:2,0,0,0
BRDA:2,1,0,26
BRDA:12,2,0,5
BRDA:19,3,0,1
BRDA:25,4,0,1
BRDA:31,5,0,1
BRDA:37,6,0,1
BRDA:43,7,0,0
BRDA:50,8,0,1
BRDA:58,9,0,1
BRDA:58,9,1,5
BRDA:61,10,0,1
BRDA:61,10,1,4
BRDA:64,11,0,1
BRDA:64,11,1,3
BRDA:67,12,0,1
BRDA:67,12,1,2
BRDA:70,13,0,1
BRDA:70,13,1,1
BRDA:70,14,0,2
BRDA:70,14,1,1
BRF:21
BRH:19
end_of_record
TN:
SF:src/utils/jwt.util.js
FN:3,(anonymous_0)
FN:15,(anonymous_1)
FN:23,(anonymous_2)
FN:31,(anonymous_3)
FN:39,(anonymous_4)
FNF:5
FNH:1
FNDA:0,(anonymous_0)
FNDA:1,(anonymous_1)
FNDA:0,(anonymous_2)
FNDA:0,(anonymous_3)
FNDA:0,(anonymous_4)
DA:1,3
DA:3,3
DA:4,0
DA:8,0
DA:12,0
DA:15,3
DA:16,1
DA:23,3
DA:24,0
DA:25,0
DA:27,0
DA:31,3
DA:32,0
DA:33,0
DA:35,0
DA:39,3
DA:40,0
DA:41,0
DA:42,0
DA:43,0
DA:45,0
DA:47,0
LF:22
LH:7
BRDA:5,0,0,0
BRDA:5,0,1,0
BRDA:9,1,0,0
BRDA:9,1,1,0
BRDA:42,2,0,0
BRDA:42,2,1,0
BRF:6
BRH:0
end_of_record
TN:
SF:src/utils/response.util.js
FN:5,(anonymous_0)
FN:13,(anonymous_1)
FNF:2
FNH:1
FNDA:0,(anonymous_0)
FNDA:2,(anonymous_1)
DA:5,1
DA:6,0
DA:13,1
DA:14,2
DA:19,2
DA:20,2
DA:23,2
LF:7
LH:6
BRDA:5,0,0,0
BRDA:13,1,0,0
BRDA:19,2,0,2
BRDA:19,2,1,0
BRF:4
BRH:1
end_of_record
TN:
SF:src/utils/vnpay.util.js
FN:5,sortObject
FN:21,(anonymous_1)
FN:61,(anonymous_2)
FNF:3
FNH:3
FNDA:3,sortObject
FNDA:1,(anonymous_1)
FNDA:2,(anonymous_2)
DA:1,1
DA:2,1
DA:3,1
DA:6,3
DA:7,3
DA:9,3
DA:10,16
DA:11,16
DA:14,3
DA:15,3
DA:16,16
DA:18,3
DA:21,1
DA:22,1
DA:23,1
DA:24,1
DA:25,1
DA:27,1
DA:29,1
DA:36,1
DA:37,1
DA:38,1
DA:39,1
DA:40,1
DA:41,1
DA:42,1
DA:43,1
DA:44,1
DA:45,1
DA:46,1
DA:47,1
DA:48,1
DA:50,1
DA:52,1
DA:53,1
DA:54,1
DA:55,1
DA:56,1
DA:58,1
DA:61,1
DA:62,2
DA:64,2
DA:65,2
DA:67,2
DA:68,2
DA:69,2
DA:70,2
DA:71,2
DA:73,2
LF:49
LH:49
BRDA:10,0,0,16
BRDA:10,0,1,0
BRF:2
BRH:1
end_of_record
TN:
SF:src/validators/customer.validator.js
FN:3,(anonymous_0)
FNF:1
FNH:1
FNDA:3,(anonymous_0)
DA:1,1
DA:3,3
DA:5,1
DA:11,1
DA:30,1
DA:36,1
LF:6
LH:6
BRF:0
BRH:0
end_of_record
TN:
SF:src/validators/kds.validator.js
FNF:0
FNH:0
DA:1,1
DA:3,1
DA:12,1
DA:18,1
LF:4
LH:4
BRF:0
BRH:0
end_of_record
